How many bottles were there on the wall?
10 green bottles hanging on the wall 
10 green bottles hanging on the wall 
And if one green bottle should accidentally fall 
There would be 9 green bottles hanging on the wall 
 
9 green bottles hanging on the wall 
9 green bottles hanging on the wall 
And if one green bottle should accidentally fall 
There would be 8 green bottles hanging on the wall 
 
8 green bottles hanging on the wall 
8 green bottles hanging on the wall 
And if one green bottle should accidentally fall 
There would be 7 green bottles hanging on the wall 
 
7 green bottles hanging on the wall 
7 green bottles hanging on the wall 
And if one green bottle should accidentally fall 
There would be 6 green bottles hanging on the wall 
 
6 green bottles hanging on the wall 
6 green bottles hanging on the wall 
And if one green bottle should accidentally fall 
There would be 5 green bottles hanging on the wall 
 
5 green bottles hanging on the wall 
5 green bottles hanging on the wall 
And if one green bottle should accidentally fall 
There would be 4 green bottles hanging on the wall 
 
4 green bottles hanging on the wall 
4 green bottles hanging on the wall 
And if one green bottle should accidentally fall 
There would be 3 green bottles hanging on the wall 
 
3 green bottles hanging on the wall 
3 green bottles hanging on the wall 
And if one green bottle should accidentally fall 
There would be 2 green bottles hanging on the wall 
 
2 green bottles hanging on the wall 
2 green bottles hanging on the wall 
And if one green bottle should accidentally fall 
There would be 1 green bottles hanging on the wall 
 
I am going to smash you, silly bottle! Then there will be no bottles left!
