How much needs sorted? 
What was in bundle 1?

What was in bundle 2?

What was in bundle 3?

What was in bundle 4?

What was in bundle 5?

------------------------------------------
Let me read that back to you!
Piece 1 was 5
Piece 2 was 4
Piece 3 was 3
Piece 4 was 2
Piece 5 was 1
------------------------------------------
------------------------------------------
Pseudo sorted array go!
Piece 1 was 1
Piece 2 was 2
Piece 3 was 3
Piece 4 was 4
Piece 5 was 5
------------------------------------------
